#
# There is insufficient memory for the Java Runtime Environment to continue.
# Native memory allocation (malloc) failed to allocate 1048576 bytes for AllocateHeap
# Possible reasons:
#   The system is out of physical RAM or swap space
#   The process is running with CompressedOops enabled, and the Java Heap may be blocking the growth of the native heap
# Possible solutions:
#   Reduce memory load on the system
#   Increase physical memory or swap space
#   Check if swap backing store is full
#   Decrease Java heap size (-Xmx/-Xms)
#   Decrease number of Java threads
#   Decrease Java thread stack sizes (-Xss)
#   Set larger code cache with -XX:ReservedCodeCacheSize=
#   JVM is running with Zero Based Compressed Oops mode in which the Java heap is
#     placed in the first 32GB address space. The Java Heap base address is the
#     maximum limit for the native heap growth. Please use -XX:HeapBaseMinAddress
#     to set the Java Heap base and to place the Java Heap above 32GB virtual address.
# This output file may be truncated or incomplete.
#
#  Out of Memory Error (memory/allocation.inline.hpp:61), pid=7368, tid=0x00000000000033c8
#
# JRE version:  (8.0_231-b11) (build )
# Java VM: Java HotSpot(TM) 64-Bit Server VM (25.231-b11 mixed mode windows-amd64 compressed oops)
# Failed to write core dump. Minidumps are not enabled by default on client versions of Windows
#

---------------  T H R E A D  ---------------

Current thread (0x0000000002a65800):  JavaThread "Unknown thread" [_thread_in_vm, id=13256, stack(0x0000000002780000,0x0000000002880000)]

Stack: [0x0000000002780000,0x0000000002880000]
[error occurred during error reporting (printing stack bounds), id 0xc0000005]

Native frames: (J=compiled Java code, j=interpreted, Vv=VM code, C=native code)


---------------  P R O C E S S  ---------------

Java Threads: ( => current thread )

Other Threads:

=>0x0000000002a65800 (exited) JavaThread "Unknown thread" [_thread_in_vm, id=13256, stack(0x0000000002780000,0x0000000002880000)]

VM state:not at safepoint (normal execution)

VM Mutex/Monitor currently owned by a thread: None

heap address: 0x00000006c0e00000, size: 4082 MB, Compressed Oops mode: Zero based, Oop shift amount: 3
Narrow klass base: 0x0000000000000000, Narrow klass shift: 3
Compressed class space size: 1073741824 Address: 0x00000007c0000000

Heap:
 PSYoungGen      total 76288K, used 1310K [0x000000076af80000, 0x0000000770480000, 0x00000007c0000000)
  eden space 65536K, 2% used [0x000000076af80000,0x000000076b0c7af0,0x000000076ef80000)
  from space 10752K, 0% used [0x000000076fa00000,0x000000076fa00000,0x0000000770480000)
  to   space 10752K, 0% used [0x000000076ef80000,0x000000076ef80000,0x000000076fa00000)
 ParOldGen       total 175104K, used 0K [0x00000006c0e00000, 0x00000006cb900000, 0x000000076af80000)
  object space 175104K, 0% used [0x00000006c0e00000,0x00000006c0e00000,0x00000006cb900000)
 Metaspace       used 776K, capacity 4480K, committed 4480K, reserved 1056768K
  class space    used 76K, capacity 384K, committed 384K, reserved 1048576K

Card table byte_map: [0x0000000011f20000,0x0000000012720000] byte_map_base: 0x000000000e919000

Marking Bits: (ParMarkBitMap*) 0x0000000068b86d90
 Begin Bits: [0x0000000013080000, 0x0000000017048000)
 End Bits:   [0x0000000017048000, 0x000000001b010000)

Polling page: 0x00000000005e0000

CodeCache: size=245760Kb used=328Kb max_used=328Kb free=245431Kb
 bounds [0x0000000002b60000, 0x0000000002dd0000, 0x0000000011b60000]
 total_blobs=58 nmethods=0 adapters=38
 compilation: enabled

Compilation events (0 events):
No events

GC Heap History (0 events):
No events

Deoptimization events (0 events):
No events

Classes redefined (0 events):
No events

Internal exceptions (0 events):
No events

Events (10 events):
Event: 0.030 loading class java/lang/Short
Event: 0.030 loading class java/lang/Short done
Event: 0.030 loading class java/lang/Integer
Event: 0.031 loading class java/lang/Integer done
Event: 0.031 loading class java/lang/Long
Event: 0.031 loading class java/lang/Long done
Event: 0.031 loading class java/lang/NullPointerException
Event: 0.031 loading class java/lang/NullPointerException done
Event: 0.031 loading class java/lang/ArithmeticException
Event: 0.031 loading class java/lang/ArithmeticException done


Dynamic libraries:
0x00007ff686060000 - 0x00007ff686097000 	C:\Program Files\Java\jdk1.8.0_231\bin\java.exe
0x00007ff8f5ec0000 - 0x00007ff8f60b0000 	C:\Windows\SYSTEM32\ntdll.dll
0x00007ff8f4ca0000 - 0x00007ff8f4d52000 	C:\Windows\System32\KERNEL32.DLL
0x00007ff8f3040000 - 0x00007ff8f32e3000 	C:\Windows\System32\KERNELBASE.dll
0x00007ff8f4990000 - 0x00007ff8f4a33000 	C:\Windows\System32\ADVAPI32.dll
0x00007ff8f4b00000 - 0x00007ff8f4b9e000 	C:\Windows\System32\msvcrt.dll
0x00007ff8f4d60000 - 0x00007ff8f4df7000 	C:\Windows\System32\sechost.dll
0x00007ff8f59a0000 - 0x00007ff8f5ac0000 	C:\Windows\System32\RPCRT4.dll
0x00007ff8f3f70000 - 0x00007ff8f4104000 	C:\Windows\System32\USER32.dll
0x00007ff8f3560000 - 0x00007ff8f3581000 	C:\Windows\System32\win32u.dll
0x00007ff8f4e00000 - 0x00007ff8f4e26000 	C:\Windows\System32\GDI32.dll
0x00007ff8f2e50000 - 0x00007ff8f2fe4000 	C:\Windows\System32\gdi32full.dll
0x00007ff8f33c0000 - 0x00007ff8f345e000 	C:\Windows\System32\msvcp_win.dll
0x00007ff8f3460000 - 0x00007ff8f355a000 	C:\Windows\System32\ucrtbase.dll
0x00007ff8e6600000 - 0x00007ff8e6885000 	C:\Windows\WinSxS\amd64_microsoft.windows.common-controls_6595b64144ccf1df_6.0.18362.657_none_e6c5b579130e3898\COMCTL32.dll
0x00007ff8f45d0000 - 0x00007ff8f4906000 	C:\Windows\System32\combase.dll
0x00007ff8f32f0000 - 0x00007ff8f3370000 	C:\Windows\System32\bcryptPrimitives.dll
0x00007ff8f4c10000 - 0x00007ff8f4c3e000 	C:\Windows\System32\IMM32.DLL
0x0000000068c10000 - 0x0000000068ce2000 	C:\Program Files\Java\jdk1.8.0_231\jre\bin\msvcr100.dll
0x0000000068360000 - 0x0000000068c06000 	C:\Program Files\Java\jdk1.8.0_231\jre\bin\server\jvm.dll
0x00007ff8f52a0000 - 0x00007ff8f52a8000 	C:\Windows\System32\PSAPI.DLL
0x00007ff8d1450000 - 0x00007ff8d1459000 	C:\Windows\SYSTEM32\WSOCK32.dll
0x00007ff8f0d10000 - 0x00007ff8f0d34000 	C:\Windows\SYSTEM32\WINMM.dll
0x00007ff8f4ba0000 - 0x00007ff8f4c0f000 	C:\Windows\System32\WS2_32.dll
0x00007ff8eb8d0000 - 0x00007ff8eb8da000 	C:\Windows\SYSTEM32\VERSION.dll
0x00007ff8f0ce0000 - 0x00007ff8f0d0d000 	C:\Windows\SYSTEM32\WINMMBASE.dll
0x00007ff8f3370000 - 0x00007ff8f33ba000 	C:\Windows\System32\cfgmgr32.dll
0x00007ff8e10a0000 - 0x00007ff8e10af000 	C:\Program Files\Java\jdk1.8.0_231\jre\bin\verify.dll
0x00007ff8d2280000 - 0x00007ff8d22a9000 	C:\Program Files\Java\jdk1.8.0_231\jre\bin\java.dll
0x00007ff8e09b0000 - 0x00007ff8e09d3000 	C:\Program Files\Java\jdk1.8.0_231\jre\bin\instrument.dll
0x00007ff8d9490000 - 0x00007ff8d94a6000 	C:\Program Files\Java\jdk1.8.0_231\jre\bin\zip.dll

VM Arguments:
jvm_args: -javaagent:C:\Program Files\JetBrains\IntelliJ IDEA Community Edition 2019.3\lib\idea_rt.jar=51506:C:\Program Files\JetBrains\IntelliJ IDEA Community Edition 2019.3\bin -Dfile.encoding=UTF-8 
java_command: Main.MainKt
java_class_path (initial): C:\Program Files\Java\jdk1.8.0_231\jre\lib\charsets.jar;C:\Program Files\Java\jdk1.8.0_231\jre\lib\deploy.jar;C:\Program Files\Java\jdk1.8.0_231\jre\lib\ext\access-bridge-64.jar;C:\Program Files\Java\jdk1.8.0_231\jre\lib\ext\cldrdata.jar;C:\Program Files\Java\jdk1.8.0_231\jre\lib\ext\dnsns.jar;C:\Program Files\Java\jdk1.8.0_231\jre\lib\ext\jaccess.jar;C:\Program Files\Java\jdk1.8.0_231\jre\lib\ext\jfxrt.jar;C:\Program Files\Java\jdk1.8.0_231\jre\lib\ext\localedata.jar;C:\Program Files\Java\jdk1.8.0_231\jre\lib\ext\nashorn.jar;C:\Program Files\Java\jdk1.8.0_231\jre\lib\ext\sunec.jar;C:\Program Files\Java\jdk1.8.0_231\jre\lib\ext\sunjce_provider.jar;C:\Program Files\Java\jdk1.8.0_231\jre\lib\ext\sunmscapi.jar;C:\Program Files\Java\jdk1.8.0_231\jre\lib\ext\sunpkcs11.jar;C:\Program Files\Java\jdk1.8.0_231\jre\lib\ext\zipfs.jar;C:\Program Files\Java\jdk1.8.0_231\jre\lib\javaws.jar;C:\Program Files\Java\jdk1.8.0_231\jre\lib\jce.jar;C:\Program Files\Java\jdk1.8.0_231\jre\lib\jfr.jar;C:\Program Files\Java\jdk1.8.0_231\jre\lib\jfxswt.jar;C:\Program Files\Java\jdk1.8.0_231\jre\lib\jsse.jar;C:\Program Files\Java\jdk1.8.0_231\jre\lib\management-agent.jar;C:\Program Files\Java\jdk1.8.0_231\jre\lib\plugin.jar;C:\Program Files\Java\jdk1.8.0_231\jre\lib\resources.jar;C:\Program Files\Java\jdk1.8.0_231\jre\lib\rt.jar;D:\Users\Viktor VoC\WordToPdf\WordToPdf1\build\classes\kotlin\main;D:\Users\Viktor VoC\WordToPdf\WordToPdf1\build\resources\main;C:\Gradle\gradle-6.0.1\bin\caches\modules-2\files-2.1\org.springframework.boot\spring-boot\2.2.4.RELEASE\225a4fd31156c254e3bb92adb42ee8c6de812714\spring-boot-2.2.4.RELEASE.jar;C:\Gradle\gradle-6.0.1\bin\caches\modules-2\files-2.1\org.springframework\spring-context\5.2.3.RELEASE\7750c95c96c7a1885c8b1b503ba915bc33ca579a\spring-context-5.2.3.RELEASE.jar;C:\Gradle\gradle-6.0.1\bin\caches\modules-2\files-2.1\org.springframework\spring-aop\5.2.3.RELEASE\9cdd9a1dd636331767fffcc7fe49a7bb00e7b34b\spring-aop-5.2.3.RELEASE.ja
Launcher Type: SUN_STANDARD

Environment Variables:
CLASSPATH=.;C:\Program Files (x86)\QuickTime\QTSystem\QTJava.zip
PATH=C:\Program Files (x86)\Common Files\Oracle\Java\javapath;C:\SIMULIA\Commands;C:\Program Files\Microsoft MPI\Bin\;C:\Program Files (x86)\Intel\Intel(R) Management Engine Components\iCLS\;C:\Program Files\Intel\Intel(R) Management Engine Components\iCLS\;C:\Windows\system32;C:\Windows;C:\Windows\System32\Wbem;C:\Windows\System32\WindowsPowerShell\v1.0\;C:\Windows\System32\OpenSSH\;C:\Program Files (x86)\Intel\Intel(R) Management Engine Components\DAL;C:\Program Files\Intel\Intel(R) Management Engine Components\DAL;C:\Program Files (x86)\Intel\Intel(R) Management Engine Components\IPT;C:\Program Files\Intel\Intel(R) Management Engine Components\IPT;C:\Program Files\Microsoft SQL Server\Client SDK\ODBC\110\Tools\Binn\;C:\Program Files (x86)\Microsoft SQL Server\120\Tools\Binn\;C:\Program Files\Microsoft SQL Server\120\Tools\Binn\;C:\Program Files\Microsoft SQL Server\120\DTS\Binn\;C:\Program Files (x86)\Windows Kits\8.1\Windows Performance Toolkit\;C:\Program Files\MATLAB\R2016b\runtime\win64;C:\Program Files\MATLAB\R2016b\bin;C:\Program Files\MATLAB\R2016b\polyspace\bin;C:\Program Files (x86)\QuickTime\QTSystem\;C:\Program Files\Java\jdk-13.0.1\bin;C:\Program Files\Git\cmd;C:\Gradle\gradle-5.4.1\bin;C:\Users\Viktor VoC\AppData\Local\Microsoft\WindowsApps;;C:\Program Files\JetBrains\PyCharm Community Edition 2019.3.3\bin;
USERNAME=Viktor VoC
OS=Windows_NT
PROCESSOR_IDENTIFIER=Intel64 Family 6 Model 158 Stepping 11, GenuineIntel



---------------  S Y S T E M  ---------------

OS: Windows 10.0 , 64 bit Build 18362 (10.0.18362.329)

CPU:total 4 (initial active 4) (4 cores per cpu, 1 threads per core) family 6 model 158 stepping 11, cmov, cx8, fxsr, mmx, sse, sse2, sse3, ssse3, sse4.1, sse4.2, popcnt, avx, avx2, aes, clmul, erms, 3dnowpref, lzcnt, tsc, tscinvbit, bmi1, bmi2, adx

Memory: 4k page, physical 16718560k(6561916k free), swap 18815712k(5360k free)

vm_info: Java HotSpot(TM) 64-Bit Server VM (25.231-b11) for windows-amd64 JRE (1.8.0_231-b11), built on Oct  5 2019 03:11:30 by "java_re" with MS VC++ 10.0 (VS2010)

time: Tue Feb 18 15:55:58 2020
timezone: Финляндия (зима)
elapsed time: 0 seconds (0d 0h 0m 0s)

