#
# There is insufficient memory for the Java Runtime Environment to continue.
# Native memory allocation (malloc) failed to allocate 40416 bytes for Chunk::new
# Possible reasons:
#   The system is out of physical RAM or swap space
#   The process is running with CompressedOops enabled, and the Java Heap may be blocking the growth of the native heap
# Possible solutions:
#   Reduce memory load on the system
#   Increase physical memory or swap space
#   Check if swap backing store is full
#   Decrease Java heap size (-Xmx/-Xms)
#   Decrease number of Java threads
#   Decrease Java thread stack sizes (-Xss)
#   Set larger code cache with -XX:ReservedCodeCacheSize=
#   JVM is running with Zero Based Compressed Oops mode in which the Java heap is
#     placed in the first 32GB address space. The Java Heap base address is the
#     maximum limit for the native heap growth. Please use -XX:HeapBaseMinAddress
#     to set the Java Heap base and to place the Java Heap above 32GB virtual address.
# This output file may be truncated or incomplete.
#
#  Out of Memory Error (allocation.cpp:389), pid=13212, tid=0x00000000000023bc
#
# JRE version: Java(TM) SE Runtime Environment (8.0_231-b11) (build 1.8.0_231-b11)
# Java VM: Java HotSpot(TM) 64-Bit Server VM (25.231-b11 mixed mode windows-amd64 compressed oops)
# Failed to write core dump. Minidumps are not enabled by default on client versions of Windows
#

---------------  T H R E A D  ---------------

Current thread (0x000000001e1f7000):  JavaThread "C2 CompilerThread1" daemon [_thread_in_native, id=9148, stack(0x000000001e690000,0x000000001e790000)]

Stack: [0x000000001e690000,0x000000001e790000]
[error occurred during error reporting (printing stack bounds), id 0xc0000005]

Native frames: (J=compiled Java code, j=interpreted, Vv=VM code, C=native code)


Current CompileTask:
C2:    363  137       4       sun.nio.cs.UTF_8$Encoder::encode (359 bytes)


---------------  P R O C E S S  ---------------

Java Threads: ( => current thread )
  0x000000001e343000 JavaThread "Service Thread" daemon [_thread_blocked, id=6564, stack(0x000000001e890000,0x000000001e990000)]
  0x000000001e1f8000 JavaThread "C1 CompilerThread2" daemon [_thread_blocked, id=12716, stack(0x000000001e790000,0x000000001e890000)]
=>0x000000001e1f7000 JavaThread "C2 CompilerThread1" daemon [_thread_in_native, id=9148, stack(0x000000001e690000,0x000000001e790000)]
  0x000000001e1ee000 JavaThread "C2 CompilerThread0" daemon [_thread_blocked, id=11204, stack(0x000000001e590000,0x000000001e690000)]
  0x000000001e15e000 JavaThread "Monitor Ctrl-Break" daemon [_thread_in_native, id=7020, stack(0x000000001e490000,0x000000001e590000)]
  0x000000001ca2c000 JavaThread "Attach Listener" daemon [_thread_blocked, id=7676, stack(0x000000001df90000,0x000000001e090000)]
  0x000000001ca2a000 JavaThread "Signal Dispatcher" daemon [_thread_blocked, id=15316, stack(0x000000001de90000,0x000000001df90000)]
  0x00000000033ca000 JavaThread "Finalizer" daemon [_thread_blocked, id=17144, stack(0x000000001dc80000,0x000000001dd80000)]
  0x00000000033c6000 JavaThread "Reference Handler" daemon [_thread_blocked, id=9948, stack(0x000000001db80000,0x000000001dc80000)]
  0x00000000032d5800 JavaThread "main" [_thread_in_vm, id=10704, stack(0x0000000003090000,0x0000000003190000)]

Other Threads:
  0x000000001c9e7800 VMThread [stack: 0x000000001da80000,0x000000001db80000] [id=16388]
  0x000000001e38d000 WatcherThread [stack: 0x000000001e990000,0x000000001ea90000] [id=3804]

VM state:not at safepoint (normal execution)

VM Mutex/Monitor currently owned by a thread:  ([mutex/lock_event])
[0x00000000032d2e20] SymbolTable_lock - owner thread: 0x00000000032d5800

heap address: 0x00000006c0e00000, size: 4082 MB, Compressed Oops mode: Zero based, Oop shift amount: 3
Narrow klass base: 0x0000000000000000, Narrow klass shift: 3
Compressed class space size: 1073741824 Address: 0x00000007c0000000

Heap:
 PSYoungGen      total 76288K, used 6554K [0x000000076af80000, 0x0000000770480000, 0x00000007c0000000)
  eden space 65536K, 10% used [0x000000076af80000,0x000000076b5e6828,0x000000076ef80000)
  from space 10752K, 0% used [0x000000076fa00000,0x000000076fa00000,0x0000000770480000)
  to   space 10752K, 0% used [0x000000076ef80000,0x000000076ef80000,0x000000076fa00000)
 ParOldGen       total 175104K, used 0K [0x00000006c0e00000, 0x00000006cb900000, 0x000000076af80000)
  object space 175104K, 0% used [0x00000006c0e00000,0x00000006c0e00000,0x00000006cb900000)
 Metaspace       used 4011K, capacity 4768K, committed 4864K, reserved 1056768K
  class space    used 434K, capacity 464K, committed 512K, reserved 1048576K

Card table byte_map: [0x0000000012790000,0x0000000012f90000] byte_map_base: 0x000000000f189000

Marking Bits: (ParMarkBitMap*) 0x0000000068b86d90
 Begin Bits: [0x00000000138f0000, 0x00000000178b8000)
 End Bits:   [0x00000000178b8000, 0x000000001b880000)

Polling page: 0x0000000001320000

CodeCache: size=245760Kb used=1423Kb max_used=1423Kb free=244336Kb
 bounds [0x00000000033d0000, 0x0000000003640000, 0x00000000123d0000]
 total_blobs=407 nmethods=143 adapters=177
 compilation: enabled

Compilation events (10 events):
Event: 0.361 Thread 0x000000001e1f8000  135       3       java.io.WinNTFileSystem::isLetter (30 bytes)
Event: 0.361 Thread 0x000000001e1f8000 nmethod 135 0x0000000003530350 code [0x00000000035304c0, 0x0000000003530710]
Event: 0.361 Thread 0x000000001e1f8000  136       1       sun.misc.URLClassPath$Loader::getBaseURL (5 bytes)
Event: 0.361 Thread 0x000000001e1f8000 nmethod 136 0x0000000003530790 code [0x00000000035308e0, 0x00000000035309f0]
Event: 0.362 Thread 0x000000001e1ee000 nmethod 130 0x0000000003533850 code [0x00000000035339a0, 0x0000000003533b78]
Event: 0.362 Thread 0x000000001e1f7000  137       4       sun.nio.cs.UTF_8$Encoder::encode (359 bytes)
Event: 0.362 Thread 0x000000001e1f8000  138       1       java.net.URL::getUserInfo (5 bytes)
Event: 0.362 Thread 0x000000001e1f8000 nmethod 138 0x0000000003533590 code [0x00000000035336e0, 0x00000000035337f0]
Event: 0.362 Thread 0x000000001e1f8000  139       3       java.lang.String::regionMatches (149 bytes)
Event: 0.362 Thread 0x000000001e1f8000 nmethod 139 0x0000000003531cd0 code [0x0000000003531f20, 0x0000000003532bf8]

GC Heap History (0 events):
No events

Deoptimization events (0 events):
No events

Classes redefined (0 events):
No events

Internal exceptions (6 events):
Event: 0.030 Thread 0x00000000032d5800 Exception <a 'java/lang/NoSuchMethodError': Method sun.misc.Unsafe.defineClass(Ljava/lang/String;[BII)Ljava/lang/Class; name or signature does not match> (0x000000076af87cb8) thrown at [C:\re\workspace\8-2-build-windows-amd64-cygwin\jdk8u231\13620\hotspot
Event: 0.030 Thread 0x00000000032d5800 Exception <a 'java/lang/NoSuchMethodError': Method sun.misc.Unsafe.prefetchRead(Ljava/lang/Object;J)V name or signature does not match> (0x000000076af87fa0) thrown at [C:\re\workspace\8-2-build-windows-amd64-cygwin\jdk8u231\13620\hotspot\src\share\vm\prim
Event: 0.336 Thread 0x00000000032d5800 Exception <a 'java/security/PrivilegedActionException'> (0x000000076b1f52c0) thrown at [C:\re\workspace\8-2-build-windows-amd64-cygwin\jdk8u231\13620\hotspot\src\share\vm\prims\jvm.cpp, line 1502]
Event: 0.336 Thread 0x00000000032d5800 Exception <a 'java/security/PrivilegedActionException'> (0x000000076b1f54d0) thrown at [C:\re\workspace\8-2-build-windows-amd64-cygwin\jdk8u231\13620\hotspot\src\share\vm\prims\jvm.cpp, line 1502]
Event: 0.336 Thread 0x00000000032d5800 Exception <a 'java/security/PrivilegedActionException'> (0x000000076b1f95c8) thrown at [C:\re\workspace\8-2-build-windows-amd64-cygwin\jdk8u231\13620\hotspot\src\share\vm\prims\jvm.cpp, line 1502]
Event: 0.336 Thread 0x00000000032d5800 Exception <a 'java/security/PrivilegedActionException'> (0x000000076b1f97d8) thrown at [C:\re\workspace\8-2-build-windows-amd64-cygwin\jdk8u231\13620\hotspot\src\share\vm\prims\jvm.cpp, line 1502]

Events (10 events):
Event: 0.359 loading class java/nio/channels/Channel done
Event: 0.359 loading class java/nio/channels/ReadableByteChannel done
Event: 0.360 loading class org/springframework/util/Assert
Event: 0.360 loading class org/springframework/util/Assert done
Event: 0.360 loading class org/springframework/util/StringUtils
Event: 0.360 loading class org/springframework/util/StringUtils done
Event: 0.362 loading class org/springframework/util/CollectionUtils
Event: 0.362 loading class org/springframework/util/CollectionUtils done
Event: 0.362 loading class org/springframework/util/MultiValueMap
Event: 0.362 loading class org/springframework/util/MultiValueMap done


Dynamic libraries:
0x00007ff686060000 - 0x00007ff686097000 	C:\Program Files\Java\jdk1.8.0_231\bin\java.exe
0x00007ff8f5ec0000 - 0x00007ff8f60b0000 	C:\Windows\SYSTEM32\ntdll.dll
0x00007ff8f4ca0000 - 0x00007ff8f4d52000 	C:\Windows\System32\KERNEL32.DLL
0x00007ff8f3040000 - 0x00007ff8f32e3000 	C:\Windows\System32\KERNELBASE.dll
0x00007ff8f4990000 - 0x00007ff8f4a33000 	C:\Windows\System32\ADVAPI32.dll
0x00007ff8f4b00000 - 0x00007ff8f4b9e000 	C:\Windows\System32\msvcrt.dll
0x00007ff8f4d60000 - 0x00007ff8f4df7000 	C:\Windows\System32\sechost.dll
0x00007ff8f59a0000 - 0x00007ff8f5ac0000 	C:\Windows\System32\RPCRT4.dll
0x00007ff8f3f70000 - 0x00007ff8f4104000 	C:\Windows\System32\USER32.dll
0x00007ff8f3560000 - 0x00007ff8f3581000 	C:\Windows\System32\win32u.dll
0x00007ff8f4e00000 - 0x00007ff8f4e26000 	C:\Windows\System32\GDI32.dll
0x00007ff8f2e50000 - 0x00007ff8f2fe4000 	C:\Windows\System32\gdi32full.dll
0x00007ff8f33c0000 - 0x00007ff8f345e000 	C:\Windows\System32\msvcp_win.dll
0x00007ff8f3460000 - 0x00007ff8f355a000 	C:\Windows\System32\ucrtbase.dll
0x00007ff8e6600000 - 0x00007ff8e6885000 	C:\Windows\WinSxS\amd64_microsoft.windows.common-controls_6595b64144ccf1df_6.0.18362.657_none_e6c5b579130e3898\COMCTL32.dll
0x00007ff8f45d0000 - 0x00007ff8f4906000 	C:\Windows\System32\combase.dll
0x00007ff8f32f0000 - 0x00007ff8f3370000 	C:\Windows\System32\bcryptPrimitives.dll
0x00007ff8f4c10000 - 0x00007ff8f4c3e000 	C:\Windows\System32\IMM32.DLL
0x0000000068c10000 - 0x0000000068ce2000 	C:\Program Files\Java\jdk1.8.0_231\jre\bin\msvcr100.dll
0x0000000068360000 - 0x0000000068c06000 	C:\Program Files\Java\jdk1.8.0_231\jre\bin\server\jvm.dll
0x00007ff8f52a0000 - 0x00007ff8f52a8000 	C:\Windows\System32\PSAPI.DLL
0x00007ff8d1450000 - 0x00007ff8d1459000 	C:\Windows\SYSTEM32\WSOCK32.dll
0x00007ff8f4ba0000 - 0x00007ff8f4c0f000 	C:\Windows\System32\WS2_32.dll
0x00007ff8f0d10000 - 0x00007ff8f0d34000 	C:\Windows\SYSTEM32\WINMM.dll
0x00007ff8eb8d0000 - 0x00007ff8eb8da000 	C:\Windows\SYSTEM32\VERSION.dll
0x00007ff8f0ce0000 - 0x00007ff8f0d0d000 	C:\Windows\SYSTEM32\WINMMBASE.dll
0x00007ff8f3370000 - 0x00007ff8f33ba000 	C:\Windows\System32\cfgmgr32.dll
0x00007ff8f0f20000 - 0x00007ff8f0f2f000 	C:\Program Files\Java\jdk1.8.0_231\jre\bin\verify.dll
0x00007ff8e10b0000 - 0x00007ff8e10d9000 	C:\Program Files\Java\jdk1.8.0_231\jre\bin\java.dll
0x00007ff8db5b0000 - 0x00007ff8db5d3000 	C:\Program Files\Java\jdk1.8.0_231\jre\bin\instrument.dll
0x00007ff8e1bd0000 - 0x00007ff8e1be6000 	C:\Program Files\Java\jdk1.8.0_231\jre\bin\zip.dll
0x00007ff8f52b0000 - 0x00007ff8f5995000 	C:\Windows\System32\SHELL32.dll
0x00007ff8f5ac0000 - 0x00007ff8f5b69000 	C:\Windows\System32\shcore.dll
0x00007ff8f37f0000 - 0x00007ff8f3f6f000 	C:\Windows\System32\windows.storage.dll
0x00007ff8f2e30000 - 0x00007ff8f2e4f000 	C:\Windows\System32\profapi.dll
0x00007ff8f2dc0000 - 0x00007ff8f2e0a000 	C:\Windows\System32\powrprof.dll
0x00007ff8f2d90000 - 0x00007ff8f2da0000 	C:\Windows\System32\UMPDC.dll
0x00007ff8f5e10000 - 0x00007ff8f5e62000 	C:\Windows\System32\shlwapi.dll
0x00007ff8f2e10000 - 0x00007ff8f2e21000 	C:\Windows\System32\kernel.appcore.dll
0x00007ff8f3020000 - 0x00007ff8f3037000 	C:\Windows\System32\cryptsp.dll
0x00007ff8dc380000 - 0x00007ff8dc39a000 	C:\Program Files\JetBrains\IntelliJ IDEA Community Edition 2019.3\bin\breakgen64.dll
0x00007ff8e1050000 - 0x00007ff8e106a000 	C:\Program Files\Java\jdk1.8.0_231\jre\bin\net.dll
0x00007ff8f25a0000 - 0x00007ff8f2607000 	C:\Windows\system32\mswsock.dll

VM Arguments:
jvm_args: -javaagent:C:\Program Files\JetBrains\IntelliJ IDEA Community Edition 2019.3\lib\idea_rt.jar=55572:C:\Program Files\JetBrains\IntelliJ IDEA Community Edition 2019.3\bin -Dfile.encoding=UTF-8 
java_command: Main.MainKt
java_class_path (initial): C:\Program Files\Java\jdk1.8.0_231\jre\lib\charsets.jar;C:\Program Files\Java\jdk1.8.0_231\jre\lib\deploy.jar;C:\Program Files\Java\jdk1.8.0_231\jre\lib\ext\access-bridge-64.jar;C:\Program Files\Java\jdk1.8.0_231\jre\lib\ext\cldrdata.jar;C:\Program Files\Java\jdk1.8.0_231\jre\lib\ext\dnsns.jar;C:\Program Files\Java\jdk1.8.0_231\jre\lib\ext\jaccess.jar;C:\Program Files\Java\jdk1.8.0_231\jre\lib\ext\jfxrt.jar;C:\Program Files\Java\jdk1.8.0_231\jre\lib\ext\localedata.jar;C:\Program Files\Java\jdk1.8.0_231\jre\lib\ext\nashorn.jar;C:\Program Files\Java\jdk1.8.0_231\jre\lib\ext\sunec.jar;C:\Program Files\Java\jdk1.8.0_231\jre\lib\ext\sunjce_provider.jar;C:\Program Files\Java\jdk1.8.0_231\jre\lib\ext\sunmscapi.jar;C:\Program Files\Java\jdk1.8.0_231\jre\lib\ext\sunpkcs11.jar;C:\Program Files\Java\jdk1.8.0_231\jre\lib\ext\zipfs.jar;C:\Program Files\Java\jdk1.8.0_231\jre\lib\javaws.jar;C:\Program Files\Java\jdk1.8.0_231\jre\lib\jce.jar;C:\Program Files\Java\jdk1.8.0_231\jre\lib\jfr.jar;C:\Program Files\Java\jdk1.8.0_231\jre\lib\jfxswt.jar;C:\Program Files\Java\jdk1.8.0_231\jre\lib\jsse.jar;C:\Program Files\Java\jdk1.8.0_231\jre\lib\management-agent.jar;C:\Program Files\Java\jdk1.8.0_231\jre\lib\plugin.jar;C:\Program Files\Java\jdk1.8.0_231\jre\lib\resources.jar;C:\Program Files\Java\jdk1.8.0_231\jre\lib\rt.jar;D:\Users\Viktor VoC\WordToPdf\WordToPdf1\build\classes\kotlin\main;D:\Users\Viktor VoC\WordToPdf\WordToPdf1\build\resources\main;C:\Gradle\gradle-6.0.1\bin\caches\modules-2\files-2.1\org.springframework.boot\spring-boot\2.2.4.RELEASE\225a4fd31156c254e3bb92adb42ee8c6de812714\spring-boot-2.2.4.RELEASE.jar;C:\Gradle\gradle-6.0.1\bin\caches\modules-2\files-2.1\org.springframework\spring-context\5.2.3.RELEASE\7750c95c96c7a1885c8b1b503ba915bc33ca579a\spring-context-5.2.3.RELEASE.jar;C:\Gradle\gradle-6.0.1\bin\caches\modules-2\files-2.1\org.springframework\spring-aop\5.2.3.RELEASE\9cdd9a1dd636331767fffcc7fe49a7bb00e7b34b\spring-aop-5.2.3.RELEASE.ja
Launcher Type: SUN_STANDARD

Environment Variables:
CLASSPATH=.;C:\Program Files (x86)\QuickTime\QTSystem\QTJava.zip
PATH=C:\Program Files (x86)\Common Files\Oracle\Java\javapath;C:\SIMULIA\Commands;C:\Program Files\Microsoft MPI\Bin\;C:\Program Files (x86)\Intel\Intel(R) Management Engine Components\iCLS\;C:\Program Files\Intel\Intel(R) Management Engine Components\iCLS\;C:\Windows\system32;C:\Windows;C:\Windows\System32\Wbem;C:\Windows\System32\WindowsPowerShell\v1.0\;C:\Windows\System32\OpenSSH\;C:\Program Files (x86)\Intel\Intel(R) Management Engine Components\DAL;C:\Program Files\Intel\Intel(R) Management Engine Components\DAL;C:\Program Files (x86)\Intel\Intel(R) Management Engine Components\IPT;C:\Program Files\Intel\Intel(R) Management Engine Components\IPT;C:\Program Files\Microsoft SQL Server\Client SDK\ODBC\110\Tools\Binn\;C:\Program Files (x86)\Microsoft SQL Server\120\Tools\Binn\;C:\Program Files\Microsoft SQL Server\120\Tools\Binn\;C:\Program Files\Microsoft SQL Server\120\DTS\Binn\;C:\Program Files (x86)\Windows Kits\8.1\Windows Performance Toolkit\;C:\Program Files\MATLAB\R2016b\runtime\win64;C:\Program Files\MATLAB\R2016b\bin;C:\Program Files\MATLAB\R2016b\polyspace\bin;C:\Program Files (x86)\QuickTime\QTSystem\;C:\Program Files\Java\jdk-13.0.1\bin;C:\Program Files\Git\cmd;C:\Gradle\gradle-5.4.1\bin;C:\Users\Viktor VoC\AppData\Local\Microsoft\WindowsApps;;C:\Program Files\JetBrains\PyCharm Community Edition 2019.3.3\bin;
USERNAME=Viktor VoC
OS=Windows_NT
PROCESSOR_IDENTIFIER=Intel64 Family 6 Model 158 Stepping 11, GenuineIntel



---------------  S Y S T E M  ---------------

OS: Windows 10.0 , 64 bit Build 18362 (10.0.18362.329)

CPU:total 4 (initial active 4) (4 cores per cpu, 1 threads per core) family 6 model 158 stepping 11, cmov, cx8, fxsr, mmx, sse, sse2, sse3, ssse3, sse4.1, sse4.2, popcnt, avx, avx2, aes, clmul, erms, 3dnowpref, lzcnt, tsc, tscinvbit, bmi1, bmi2, adx

Memory: 4k page, physical 16718560k(6009784k free), swap 18815712k(0k free)

vm_info: Java HotSpot(TM) 64-Bit Server VM (25.231-b11) for windows-amd64 JRE (1.8.0_231-b11), built on Oct  5 2019 03:11:30 by "java_re" with MS VC++ 10.0 (VS2010)

time: Tue Feb 18 16:19:33 2020
timezone: Финляндия (зима)
elapsed time: 0 seconds (0d 0h 0m 0s)

